<?xml version="1.0" encoding="UTF-8"?>
<testng-results skipped="0" failed="0" ignored="0" total="2" passed="2">
  <reporter-output>
  </reporter-output>
  <suite name="Default suite" duration-ms="38031" started-at="2020-07-13T07:16:00Z" finished-at="2020-07-13T07:16:38Z">
    <groups>
    </groups>
    <test name="Default test" duration-ms="38031" started-at="2020-07-13T07:16:00Z" finished-at="2020-07-13T07:16:38Z">
      <class name="ThomasProject.ThomasProject.ClearTrip">
        <test-method status="PASS" signature="browser()[pri:0, instance:ThomasProject.ThomasProject.ClearTrip@6093dd95]" name="browser" is-config="true" duration-ms="4331" started-at="2020-07-13T12:46:00Z" finished-at="2020-07-13T12:46:04Z">
          <reporter-output>
          </reporter-output>
        </test-method> <!-- browser -->
        <test-method status="PASS" signature="launchClearTrip()[pri:1, instance:ThomasProject.ThomasProject.ClearTrip@6093dd95]" name="launchClearTrip" duration-ms="6149" started-at="2020-07-13T12:46:04Z" finished-at="2020-07-13T12:46:10Z">
          <reporter-output>
          </reporter-output>
        </test-method> <!-- launchClearTrip -->
        <test-method status="PASS" signature="searchHotel()[pri:2, instance:ThomasProject.ThomasProject.ClearTrip@6093dd95]" name="searchHotel" duration-ms="27368" started-at="2020-07-13T12:46:10Z" finished-at="2020-07-13T12:46:38Z">
          <reporter-output>
          </reporter-output>
        </test-method> <!-- searchHotel -->
      </class> <!-- ThomasProject.ThomasProject.ClearTrip -->
    </test> <!-- Default test -->
  </suite> <!-- Default suite -->
</testng-results>
