<?xml version="1.0" encoding="UTF-8"?>
<testng-results ignored="0" total="2" passed="2" failed="0" skipped="0">
  <reporter-output>
  </reporter-output>
  <suite started-at="2020-07-09T15:22:51Z" name="ThomasProject" finished-at="2020-07-09T15:23:17Z" duration-ms="25210">
    <groups>
    </groups>
    <test started-at="2020-07-09T15:22:51Z" name="testngprogram" finished-at="2020-07-09T15:23:17Z" duration-ms="25210">
      <class name="ThomasProject.ThomasProject.ClearTrip">
        <test-method is-config="true" signature="browser()[pri:0, instance:ThomasProject.ThomasProject.ClearTrip@561b6512]" started-at="2020-07-09T20:52:51Z" name="browser" finished-at="2020-07-09T20:52:55Z" duration-ms="3378" status="PASS">
          <reporter-output>
          </reporter-output>
        </test-method> <!-- browser -->
        <test-method signature="launchClearTrip()[pri:1, instance:ThomasProject.ThomasProject.ClearTrip@561b6512]" started-at="2020-07-09T20:52:55Z" name="launchClearTrip" finished-at="2020-07-09T20:52:59Z" duration-ms="3767" status="PASS">
          <reporter-output>
          </reporter-output>
        </test-method> <!-- launchClearTrip -->
        <test-method signature="searchHotel()[pri:2, instance:ThomasProject.ThomasProject.ClearTrip@561b6512]" started-at="2020-07-09T20:52:59Z" name="searchHotel" finished-at="2020-07-09T20:53:17Z" duration-ms="18012" status="PASS">
          <reporter-output>
          </reporter-output>
        </test-method> <!-- searchHotel -->
      </class> <!-- ThomasProject.ThomasProject.ClearTrip -->
    </test> <!-- testngprogram -->
  </suite> <!-- ThomasProject -->
</testng-results>
